# JRE version: Java(TM) SE Runtime Environment (8.0_261-b12) (build 1.8.0_261-b12)
# Java VM: Java HotSpot(TM) 64-Bit Server VM (25.261-b12 mixed mode windows-amd64 compressed oops)
Heap:
 PSYoungGen      total 80896K, used 10088K [0x00000000d6380000, 0x00000000dc700000, 0x0000000100000000)
  eden space 65024K, 10% used [0x00000000d6380000,0x00000000d6a1d9f8,0x00000000da300000)
  from space 15872K, 20% used [0x00000000da300000,0x00000000da63c8c0,0x00000000db280000)
  to   space 12288K, 0% used [0x00000000db280000,0x00000000db280000,0x00000000dbe80000)
 ParOldGen       total 70144K, used 32606K [0x0000000082a00000, 0x0000000086e80000, 0x00000000d6380000)
  object space 70144K, 46% used [0x0000000082a00000,0x00000000849d7b90,0x0000000086e80000)
 Metaspace       used 31491K, capacity 32660K, committed 33024K, reserved 1079296K
  class space    used 3643K, capacity 3986K, committed 4096K, reserved 1048576K
GC Heap History (10 events):
Event: 12.160 GC heap before
{Heap before GC invocations=8 (full 1):
 PSYoungGen      total 43008K, used 34554K [0x00000000d6380000, 0x00000000dac80000, 0x0000000100000000)
  eden space 31744K, 100% used [0x00000000d6380000,0x00000000d8280000,0x00000000d8280000)
  from space 11264K, 24% used [0x00000000d8e00000,0x00000000d90be938,0x00000000d9900000)
  to   space 11776K, 0% used [0x00000000d8280000,0x00000000d8280000,0x00000000d8e00000)
 ParOldGen       total 70144K, used 13441K [0x0000000082a00000, 0x0000000086e80000, 0x00000000d6380000)
  object space 70144K, 19% used [0x0000000082a00000,0x0000000083720708,0x0000000086e80000)
 Metaspace       used 21729K, capacity 22462K, committed 22704K, reserved 1069056K
  class space    used 2556K, capacity 2775K, committed 2816K, reserved 1048576K
Event: 12.164 GC heap after
Heap after GC invocations=8 (full 1):
 PSYoungGen      total 43520K, used 3968K [0x00000000d6380000, 0x00000000dab00000, 0x0000000100000000)
  eden space 31744K, 0% used [0x00000000d6380000,0x00000000d6380000,0x00000000d8280000)
  from space 11776K, 33% used [0x00000000d8280000,0x00000000d8660000,0x00000000d8e00000)
  to   space 11776K, 0% used [0x00000000d9f80000,0x00000000d9f80000,0x00000000dab00000)
 ParOldGen       total 70144K, used 13449K [0x0000000082a00000, 0x0000000086e80000, 0x00000000d6380000)
  object space 70144K, 19% used [0x0000000082a00000,0x0000000083722708,0x0000000086e80000)
 Metaspace       used 21729K, capacity 22462K, committed 22704K, reserved 1069056K
  class space    used 2556K, capacity 2775K, committed 2816K, reserved 1048576K
}
Event: 12.999 GC heap before
{Heap before GC invocations=9 (full 1):
 PSYoungGen      total 43520K, used 35712K [0x00000000d6380000, 0x00000000dab00000, 0x0000000100000000)
  eden space 31744K, 100% used [0x00000000d6380000,0x00000000d8280000,0x00000000d8280000)
  from space 11776K, 33% used [0x00000000d8280000,0x00000000d8660000,0x00000000d8e00000)
  to   space 11776K, 0% used [0x00000000d9f80000,0x00000000d9f80000,0x00000000dab00000)
 ParOldGen       total 70144K, used 13449K [0x0000000082a00000, 0x0000000086e80000, 0x00000000d6380000)
  object space 70144K, 19% used [0x0000000082a00000,0x0000000083722708,0x0000000086e80000)
 Metaspace       used 22828K, capacity 23672K, committed 24064K, reserved 1071104K
  class space    used 2669K, capacity 2958K, committed 3072K, reserved 1048576K
Event: 13.006 GC heap after
Heap after GC invocations=9 (full 1):
 PSYoungGen      total 61440K, used 6095K [0x00000000d6380000, 0x00000000daa80000, 0x0000000100000000)
  eden space 50176K, 0% used [0x00000000d6380000,0x00000000d6380000,0x00000000d9480000)
  from space 11264K, 54% used [0x00000000d9f80000,0x00000000da573e10,0x00000000daa80000)
  to   space 11264K, 0% used [0x00000000d9480000,0x00000000d9480000,0x00000000d9f80000)
 ParOldGen       total 70144K, used 13457K [0x0000000082a00000, 0x0000000086e80000, 0x00000000d6380000)
  object space 70144K, 19% used [0x0000000082a00000,0x0000000083724708,0x0000000086e80000)
 Metaspace       used 22828K, capacity 23672K, committed 24064K, reserved 1071104K
  class space    used 2669K, capacity 2958K, committed 3072K, reserved 1048576K
}
Event: 13.970 GC heap before
{Heap before GC invocations=10 (full 1):
 PSYoungGen      total 61440K, used 54802K [0x00000000d6380000, 0x00000000daa80000, 0x0000000100000000)
  eden space 50176K, 97% used [0x00000000d6380000,0x00000000d9310b70,0x00000000d9480000)
  from space 11264K, 54% used [0x00000000d9f80000,0x00000000da573e10,0x00000000daa80000)
  to   space 11264K, 0% used [0x00000000d9480000,0x00000000d9480000,0x00000000d9f80000)
 ParOldGen       total 70144K, used 13457K [0x0000000082a00000, 0x0000000086e80000, 0x00000000d6380000)
  object space 70144K, 19% used [0x0000000082a00000,0x0000000083724708,0x0000000086e80000)
 Metaspace       used 27248K, capacity 28222K, committed 28416K, reserved 1075200K
  class space    used 3219K, capacity 3519K, committed 3584K, reserved 1048576K
Event: 13.982 GC heap after
Heap after GC invocations=10 (full 1):
 PSYoungGen      total 61440K, used 9735K [0x00000000d6380000, 0x00000000dbe80000, 0x0000000100000000)
  eden space 50176K, 0% used [0x00000000d6380000,0x00000000d6380000,0x00000000d9480000)
  from space 11264K, 86% used [0x00000000d9480000,0x00000000d9e01f98,0x00000000d9f80000)
  to   space 12288K, 0% used [0x00000000db280000,0x00000000db280000,0x00000000dbe80000)
 ParOldGen       total 70144K, used 15465K [0x0000000082a00000, 0x0000000086e80000, 0x00000000d6380000)
  object space 70144K, 22% used [0x0000000082a00000,0x000000008391a708,0x0000000086e80000)
 Metaspace       used 27248K, capacity 28222K, committed 28416K, reserved 1075200K
  class space    used 3219K, capacity 3519K, committed 3584K, reserved 1048576K
}
Event: 15.042 GC heap before
{Heap before GC invocations=11 (full 1):
 PSYoungGen      total 61440K, used 59911K [0x00000000d6380000, 0x00000000dbe80000, 0x0000000100000000)
  eden space 50176K, 100% used [0x00000000d6380000,0x00000000d9480000,0x00000000d9480000)
  from space 11264K, 86% used [0x00000000d9480000,0x00000000d9e01f98,0x00000000d9f80000)
  to   space 12288K, 0% used [0x00000000db280000,0x00000000db280000,0x00000000dbe80000)
 ParOldGen       total 70144K, used 15465K [0x0000000082a00000, 0x0000000086e80000, 0x00000000d6380000)
  object space 70144K, 22% used [0x0000000082a00000,0x000000008391a708,0x0000000086e80000)
 Metaspace       used 28335K, capacity 29322K, committed 29568K, reserved 1075200K
  class space    used 3329K, capacity 3649K, committed 3712K, reserved 1048576K
Event: 15.060 GC heap after
Heap after GC invocations=11 (full 1):
 PSYoungGen      total 77312K, used 12277K [0x00000000d6380000, 0x00000000dc700000, 0x0000000100000000)
  eden space 65024K, 0% used [0x00000000d6380000,0x00000000d6380000,0x00000000da300000)
  from space 12288K, 99% used [0x00000000db280000,0x00000000dbe7d750,0x00000000dbe80000)
  to   space 15872K, 0% used [0x00000000da300000,0x00000000da300000,0x00000000db280000)
 ParOldGen       total 70144K, used 21281K [0x0000000082a00000, 0x0000000086e80000, 0x00000000d6380000)
  object space 70144K, 30% used [0x0000000082a00000,0x0000000083ec84f0,0x0000000086e80000)
 Metaspace       used 28335K, capacity 29322K, committed 29568K, reserved 1075200K
  class space    used 3329K, capacity 3649K, committed 3712K, reserved 1048576K
}
Event: 16.928 GC heap before
{Heap before GC invocations=12 (full 1):
 PSYoungGen      total 77312K, used 77301K [0x00000000d6380000, 0x00000000dc700000, 0x0000000100000000)
  eden space 65024K, 100% used [0x00000000d6380000,0x00000000da300000,0x00000000da300000)
  from space 12288K, 99% used [0x00000000db280000,0x00000000dbe7d750,0x00000000dbe80000)
  to   space 15872K, 0% used [0x00000000da300000,0x00000000da300000,0x00000000db280000)
 ParOldGen       total 70144K, used 21281K [0x0000000082a00000, 0x0000000086e80000, 0x00000000d6380000)
  object space 70144K, 30% used [0x0000000082a00000,0x0000000083ec84f0,0x0000000086e80000)
 Metaspace       used 31424K, capacity 32566K, committed 33024K, reserved 1079296K
  class space    used 3635K, capacity 3977K, committed 4096K, reserved 1048576K
Event: 16.965 GC heap after
Heap after GC invocations=12 (full 1):
 PSYoungGen      total 80896K, used 3314K [0x00000000d6380000, 0x00000000dc700000, 0x0000000100000000)
  eden space 65024K, 0% used [0x00000000d6380000,0x00000000d6380000,0x00000000da300000)
  from space 15872K, 20% used [0x00000000da300000,0x00000000da63c8c0,0x00000000db280000)
  to   space 12288K, 0% used [0x00000000db280000,0x00000000db280000,0x00000000dbe80000)
 ParOldGen       total 70144K, used 32606K [0x0000000082a00000, 0x0000000086e80000, 0x00000000d6380000)
  object space 70144K, 46% used [0x0000000082a00000,0x00000000849d7b90,0x0000000086e80000)
 Metaspace       used 31424K, capacity 32566K, committed 33024K, reserved 1079296K
  class space    used 3635K, capacity 3977K, committed 4096K, reserved 1048576K
}

