<?xml version="1.0" encoding="UTF-8"?>
<testng-results skipped="0" failed="0" ignored="0" total="3" passed="3">
  <reporter-output>
  </reporter-output>
  <suite name="Suite" duration-ms="33944" started-at="2022-02-18T08:17:30 IST" finished-at="2022-02-18T08:18:04 IST">
    <groups>
      <group name="cucumber">
        <method signature="AbstractTestNGCucumberTests.runScenario(io.cucumber.testng.PickleWrapper,io.cucumber.testng.FeatureWrapper)[pri:0, instance:cucumberExamples.Cucumber_TestRunner_Class@5a1c0542]" name="runScenario" class="io.cucumber.testng.AbstractTestNGCucumberTests"/>
      </group> <!-- cucumber -->
    </groups>
    <test name="Test" duration-ms="33944" started-at="2022-02-18T08:17:30 IST" finished-at="2022-02-18T08:18:04 IST">
      <class name="cucumberExamples.Cucumber_TestRunner_Class">
        <test-method status="PASS" signature="setUpClass()[pri:0, instance:cucumberExamples.Cucumber_TestRunner_Class@5a1c0542]" name="setUpClass" is-config="true" duration-ms="358" started-at="2022-02-18T08:17:30 IST" finished-at="2022-02-18T08:17:30 IST">
          <reporter-output>
          </reporter-output>
        </test-method> <!-- setUpClass -->
        <test-method status="PASS" signature="runScenario(io.cucumber.testng.PickleWrapper,io.cucumber.testng.FeatureWrapper)[pri:0, instance:cucumberExamples.Cucumber_TestRunner_Class@5a1c0542]" name="runScenario" duration-ms="12677" started-at="2022-02-18T08:17:30 IST" description="Runs Cucumber Scenarios" data-provider="scenarios" finished-at="2022-02-18T08:17:43 IST">
          <params>
            <param index="0">
              <value>
                <![CDATA["verify user login credentials"]]>
              </value>
            </param>
            <param index="1">
              <value>
                <![CDATA["Optional[Scripts for facebook login page]"]]>
              </value>
            </param>
          </params>
          <reporter-output>
          </reporter-output>
        </test-method> <!-- runScenario -->
        <test-method status="PASS" signature="runScenario(io.cucumber.testng.PickleWrapper,io.cucumber.testng.FeatureWrapper)[pri:0, instance:cucumberExamples.Cucumber_TestRunner_Class@5a1c0542]" name="runScenario" duration-ms="10502" started-at="2022-02-18T08:17:43 IST" description="Runs Cucumber Scenarios" data-provider="scenarios" finished-at="2022-02-18T08:17:53 IST">
          <params>
            <param index="0">
              <value>
                <![CDATA["verify user login credentials"]]>
              </value>
            </param>
            <param index="1">
              <value>
                <![CDATA["Optional[Scripts for facebook login page]"]]>
              </value>
            </param>
          </params>
          <reporter-output>
          </reporter-output>
        </test-method> <!-- runScenario -->
        <test-method status="PASS" signature="runScenario(io.cucumber.testng.PickleWrapper,io.cucumber.testng.FeatureWrapper)[pri:0, instance:cucumberExamples.Cucumber_TestRunner_Class@5a1c0542]" name="runScenario" duration-ms="10168" started-at="2022-02-18T08:17:53 IST" description="Runs Cucumber Scenarios" data-provider="scenarios" finished-at="2022-02-18T08:18:04 IST">
          <params>
            <param index="0">
              <value>
                <![CDATA["verify user login credentials"]]>
              </value>
            </param>
            <param index="1">
              <value>
                <![CDATA["Optional[Scripts for facebook login page]"]]>
              </value>
            </param>
          </params>
          <reporter-output>
          </reporter-output>
        </test-method> <!-- runScenario -->
        <test-method status="PASS" signature="tearDownClass()[pri:0, instance:cucumberExamples.Cucumber_TestRunner_Class@5a1c0542]" name="tearDownClass" is-config="true" duration-ms="192" started-at="2022-02-18T08:18:04 IST" finished-at="2022-02-18T08:18:04 IST">
          <reporter-output>
          </reporter-output>
        </test-method> <!-- tearDownClass -->
      </class> <!-- cucumberExamples.Cucumber_TestRunner_Class -->
    </test> <!-- Test -->
  </suite> <!-- Suite -->
</testng-results>
