<?xml version="1.0" encoding="UTF-8"?>
<testng-results ignored="0" total="3" passed="3" failed="0" skipped="0">
  <reporter-output>
  </reporter-output>
  <suite started-at="2022-02-17T08:22:02 IST" name="Suite" finished-at="2022-02-17T08:22:36 IST" duration-ms="33401">
    <groups>
      <group name="cucumber">
        <method signature="AbstractTestNGCucumberTests.runScenario(io.cucumber.testng.PickleWrapper,io.cucumber.testng.FeatureWrapper)[pri:0, instance:cucumberExamples.Cucumber_TestRunner_Class@498d318c]" name="runScenario" class="io.cucumber.testng.AbstractTestNGCucumberTests"/>
      </group> <!-- cucumber -->
    </groups>
    <test started-at="2022-02-17T08:22:02 IST" name="Test" finished-at="2022-02-17T08:22:36 IST" duration-ms="33401">
      <class name="cucumberExamples.Cucumber_TestRunner_Class">
        <test-method is-config="true" signature="setUpClass()[pri:0, instance:cucumberExamples.Cucumber_TestRunner_Class@498d318c]" started-at="2022-02-17T08:22:02 IST" name="setUpClass" finished-at="2022-02-17T08:22:03 IST" duration-ms="404" status="PASS">
          <reporter-output>
          </reporter-output>
        </test-method> <!-- setUpClass -->
        <test-method signature="runScenario(io.cucumber.testng.PickleWrapper,io.cucumber.testng.FeatureWrapper)[pri:0, instance:cucumberExamples.Cucumber_TestRunner_Class@498d318c]" started-at="2022-02-17T08:22:03 IST" name="runScenario" description="Runs Cucumber Scenarios" data-provider="scenarios" finished-at="2022-02-17T08:22:15 IST" duration-ms="12493" status="PASS">
          <params>
            <param index="0">
              <value>
                <![CDATA["verify user login credentials"]]>
              </value>
            </param>
            <param index="1">
              <value>
                <![CDATA["Optional[Scripts for facebook login page]"]]>
              </value>
            </param>
          </params>
          <reporter-output>
          </reporter-output>
        </test-method> <!-- runScenario -->
        <test-method signature="runScenario(io.cucumber.testng.PickleWrapper,io.cucumber.testng.FeatureWrapper)[pri:0, instance:cucumberExamples.Cucumber_TestRunner_Class@498d318c]" started-at="2022-02-17T08:22:15 IST" name="runScenario" description="Runs Cucumber Scenarios" data-provider="scenarios" finished-at="2022-02-17T08:22:25 IST" duration-ms="10103" status="PASS">
          <params>
            <param index="0">
              <value>
                <![CDATA["verify user login credentials"]]>
              </value>
            </param>
            <param index="1">
              <value>
                <![CDATA["Optional[Scripts for facebook login page]"]]>
              </value>
            </param>
          </params>
          <reporter-output>
          </reporter-output>
        </test-method> <!-- runScenario -->
        <test-method signature="runScenario(io.cucumber.testng.PickleWrapper,io.cucumber.testng.FeatureWrapper)[pri:0, instance:cucumberExamples.Cucumber_TestRunner_Class@498d318c]" started-at="2022-02-17T08:22:25 IST" name="runScenario" description="Runs Cucumber Scenarios" data-provider="scenarios" finished-at="2022-02-17T08:22:35 IST" duration-ms="10007" status="PASS">
          <params>
            <param index="0">
              <value>
                <![CDATA["verify user login credentials"]]>
              </value>
            </param>
            <param index="1">
              <value>
                <![CDATA["Optional[Scripts for facebook login page]"]]>
              </value>
            </param>
          </params>
          <reporter-output>
          </reporter-output>
        </test-method> <!-- runScenario -->
        <test-method is-config="true" signature="tearDownClass()[pri:0, instance:cucumberExamples.Cucumber_TestRunner_Class@498d318c]" started-at="2022-02-17T08:22:35 IST" name="tearDownClass" finished-at="2022-02-17T08:22:36 IST" duration-ms="330" status="PASS">
          <reporter-output>
          </reporter-output>
        </test-method> <!-- tearDownClass -->
      </class> <!-- cucumberExamples.Cucumber_TestRunner_Class -->
    </test> <!-- Test -->
  </suite> <!-- Suite -->
</testng-results>
